Attaching to order-manager-mysql, order-manager-redis
order-manager-mysql  | 2022-08-31 12:59:50+00:00 [Note] [Entrypoint]: Entrypoint script for MySQL Server 8.0.30-1.el8 started.
order-manager-redis  | 1:C 31 Aug 2022 12:59:50.090 # oO0OoO0OoO0Oo Redis is starting oO0OoO0OoO0Oo
order-manager-redis  | 1:C 31 Aug 2022 12:59:50.090 # Redis version=7.0.4, bits=64, commit=00000000, modified=0, pid=1, just started
order-manager-redis  | 1:C 31 Aug 2022 12:59:50.090 # Warning: no config file specified, using the default config. In order to specify a config file use redis-server /path/to/redis.conf
order-manager-redis  | 1:M 31 Aug 2022 12:59:50.091 * monotonic clock: POSIX clock_gettime
order-manager-redis  | 1:M 31 Aug 2022 12:59:50.091 * Running mode=standalone, port=6379.
order-manager-redis  | 1:M 31 Aug 2022 12:59:50.091 # Server initialized
order-manager-redis  | 1:M 31 Aug 2022 12:59:50.096 * Loading RDB produced by version 7.0.4
order-manager-redis  | 1:M 31 Aug 2022 12:59:50.096 * RDB age 2 seconds
order-manager-redis  | 1:M 31 Aug 2022 12:59:50.096 * RDB memory usage when created 0.85 Mb
order-manager-redis  | 1:M 31 Aug 2022 12:59:50.096 * Done loading RDB, keys loaded: 0, keys expired: 0.
order-manager-redis  | 1:M 31 Aug 2022 12:59:50.097 * DB loaded from disk: 0.003 seconds
order-manager-redis  | 1:M 31 Aug 2022 12:59:50.097 * Ready to accept connections
order-manager-mysql  | 2022-08-31 12:59:50+00:00 [Note] [Entrypoint]: Switching to dedicated user 'mysql'
order-manager-mysql  | 2022-08-31 12:59:50+00:00 [Note] [Entrypoint]: Entrypoint script for MySQL Server 8.0.30-1.el8 started.
order-manager-mysql  | '/var/lib/mysql/mysql.sock' -> '/var/run/mysqld/mysqld.sock'
order-manager-mysql  | 2022-08-31T12:59:50.711702Z 0 [Warning] [MY-011068] [Server] The syntax '--skip-host-cache' is deprecated and will be removed in a future release. Please use SET GLOBAL host_cache_size=0 instead.
order-manager-mysql  | 2022-08-31T12:59:50.719977Z 0 [System] [MY-010116] [Server] /usr/sbin/mysqld (mysqld 8.0.30) starting as process 1
order-manager-mysql  | 2022-08-31T12:59:50.729432Z 0 [Warning] [MY-010159] [Server] Setting lower_case_table_names=2 because file system for /var/lib/mysql/ is case insensitive
order-manager-mysql  | 2022-08-31T12:59:50.745398Z 1 [System] [MY-013576] [InnoDB] InnoDB initialization has started.
order-manager-mysql  | 2022-08-31T12:59:53.812066Z 1 [System] [MY-013577] [InnoDB] InnoDB initialization has ended.
order-manager-mysql  | 2022-08-31T12:59:54.802183Z 0 [Warning] [MY-010068] [Server] CA certificate ca.pem is self signed.
order-manager-mysql  | 2022-08-31T12:59:54.802275Z 0 [System] [MY-013602] [Server] Channel mysql_main configured to support TLS. Encrypted connections are now supported for this channel.
order-manager-mysql  | 2022-08-31T12:59:54.817473Z 0 [Warning] [MY-011810] [Server] Insecure configuration for --pid-file: Location '/var/run/mysqld' in the path is accessible to all OS users. Consider choosing a different directory.
order-manager-mysql  | 2022-08-31T12:59:54.994652Z 0 [System] [MY-011323] [Server] X Plugin ready for connections. Bind-address: '::' port: 33060, socket: /var/run/mysqld/mysqlx.sock
order-manager-mysql  | 2022-08-31T12:59:54.994801Z 0 [System] [MY-010931] [Server] /usr/sbin/mysqld: ready for connections. Version: '8.0.30'  socket: '/var/run/mysqld/mysqld.sock'  port: 3306  MySQL Community Server - GPL.
