Iris Version: 12.2.0-beta4

Now listening on: http://localhost:8000
Application started. Press CTRL+C to shut down.
[HTTP Server] http: panic serving 127.0.0.1:49701: interface conversion: Common.ErrorResponse is not error: missing method Error
goroutine 22 [running]:
net/http.(*conn).serve.func1()
	/usr/local/go/src/net/http/server.go:1825 +0xb0
panic({0x1030a9460, 0x14000146e10})
	/usr/local/go/src/runtime/panic.go:844 +0x258
OrderPublisher/Presentation/Common.ErrorHandlerMiddleware.func1()
	/Users/ehsan/Desktop/snappfood/A/OrderPublisher/Presentation/Common/Middlware.go:12 +0x70
panic({0x1030bc100, 0x140002fe3b0})
	/usr/local/go/src/runtime/panic.go:838 +0x204
OrderPublisher/Presentation/Common.ReadJson(0x1400037b8e8?, {0x103035300?, 0x1400013e068?})
	/Users/ehsan/Desktop/snappfood/A/OrderPublisher/Presentation/Common/Helpers.go:9 +0x80
OrderPublisher/Presentation/Controller.SOrderController.Order({{0x103195fc8?, 0x1400009a870?}}, 0x14000612280)
	/Users/ehsan/Desktop/snappfood/A/OrderPublisher/Presentation/Controller/Order.go:25 +0x88
github.com/kataras/iris/v12/context.(*Context).Next(0x7?)
	/Users/ehsan/go/pkg/mod/github.com/kataras/iris/v12@v12.2.0-beta4.0.20220826212242-3c474097c64d/context/context.go:682 +0x64
OrderPublisher/Presentation/Common.ErrorHandlerMiddleware(0x140001bd380?)
	/Users/ehsan/Desktop/snappfood/A/OrderPublisher/Presentation/Common/Middlware.go:24 +0x4c
github.com/kataras/iris/v12/context.(*Context).Do(...)
	/Users/ehsan/go/pkg/mod/github.com/kataras/iris/v12@v12.2.0-beta4.0.20220826212242-3c474097c64d/context/context.go:530
github.com/kataras/iris/v12/core/router.(*routerHandler).HandleRequest(0x140007003c0, 0x14000612280)
	/Users/ehsan/go/pkg/mod/github.com/kataras/iris/v12@v12.2.0-beta4.0.20220826212242-3c474097c64d/core/router/handler.go:449 +0x330
github.com/kataras/iris/v12/core/router.(*Router).BuildRouter.func1({0x10319c0a8?, 0x140003682a0?}, 0x1400037ba88?)
	/Users/ehsan/go/pkg/mod/github.com/kataras/iris/v12@v12.2.0-beta4.0.20220826212242-3c474097c64d/core/router/router.go:220 +0x68
github.com/kataras/iris/v12/core/router.(*Router).ServeHTTP(0x0?, {0x10319c0a8?, 0x140003682a0?}, 0x1026011e0?)
	/Users/ehsan/go/pkg/mod/github.com/kataras/iris/v12@v12.2.0-beta4.0.20220826212242-3c474097c64d/core/router/router.go:339 +0x3c
net/http.serverHandler.ServeHTTP({0x10319a648?}, {0x10319c0a8, 0x140003682a0}, 0x140000d4200)
	/usr/local/go/src/net/http/server.go:2916 +0x3fc
net/http.(*conn).serve(0x14000612000, {0x10319c6c0, 0x1400041d9b0})
	/usr/local/go/src/net/http/server.go:1966 +0x56c
created by net/http.(*Server).Serve
	/usr/local/go/src/net/http/server.go:3071 +0x450
[FTAL] 2022/09/02 23:58 <nil>
